{"D:\\datos\\Documents\\Wash_Ticket\\backend\\src\\server.ts": {"path":"D:\\datos\\Documents\\Wash_Ticket\\backend\\src\\server.ts","statementMap":{"0":{"start":{"line":8,"column":0},"end":{"line":8,"column":7}},"1":{"start":{"line":1,"column":0},"end":{"line":1,"column":29}},"2":{"start":{"line":2,"column":0},"end":{"line":2,"column":37}},"3":{"start":{"line":3,"column":0},"end":{"line":3,"column":27}},"4":{"start":{"line":4,"column":0},"end":{"line":4,"column":32}},"5":{"start":{"line":5,"column":0},"end":{"line":5,"column":48}},"6":{"start":{"line":6,"column":0},"end":{"line":6,"column":44}},"7":{"start":{"line":9,"column":4},"end":{"line":17,"column":5}},"8":{"start":{"line":11,"column":8},"end":{"line":11,"column":null}},"9":{"start":{"line":13,"column":8},"end":{"line":13,"column":null}},"10":{"start":{"line":14,"column":8},"end":{"line":14,"column":null}},"11":{"start":{"line":16,"column":8},"end":{"line":16,"column":null}},"12":{"start":{"line":20,"column":0},"end":{"line":20,"column":null}},"13":{"start":{"line":22,"column":12},"end":{"line":22,"column":21}},"14":{"start":{"line":24,"column":0},"end":{"line":24,"column":null}},"15":{"start":{"line":26,"column":0},"end":{"line":26,"column":null}},"16":{"start":{"line":29,"column":0},"end":{"line":29,"column":null}},"17":{"start":{"line":30,"column":0},"end":{"line":30,"column":null}},"18":{"start":{"line":32,"column":0},"end":{"line":34,"column":null}},"19":{"start":{"line":33,"column":4},"end":{"line":33,"column":null}},"20":{"start":{"line":40,"column":0},"end":{"line":40,"column":null}}},"fnMap":{"0":{"name":"connectDB","decl":{"start":{"line":8,"column":22},"end":{"line":8,"column":31}},"loc":{"start":{"line":8,"column":31},"end":{"line":19,"column":1}}},"1":{"name":"(anonymous_2)","decl":{"start":{"line":32,"column":13},"end":{"line":32,"column":14}},"loc":{"start":{"line":32,"column":26},"end":{"line":34,"column":1}}}},"branchMap":{},"s":{"0":1,"1":1,"2":1,"3":1,"4":1,"5":1,"6":1,"7":1,"8":1,"9":1,"10":1,"11":0,"12":1,"13":1,"14":1,"15":1,"16":1,"17":1,"18":1,"19":0,"20":1},"f":{"0":1,"1":0},"b":{}}
,"D:\\datos\\Documents\\Wash_Ticket\\backend\\src\\Controllers\\BudgetController.ts": {"path":"D:\\datos\\Documents\\Wash_Ticket\\backend\\src\\Controllers\\BudgetController.ts","statementMap":{"0":{"start":{"line":2,"column":0},"end":{"line":2,"column":37}},"1":{"start":{"line":3,"column":0},"end":{"line":3,"column":39}},"2":{"start":{"line":6,"column":19},"end":{"line":24,"column":5}},"3":{"start":{"line":8,"column":8},"end":{"line":8,"column":null}},"4":{"start":{"line":9,"column":8},"end":{"line":23,"column":9}},"5":{"start":{"line":10,"column":26},"end":{"line":18,"column":14}},"6":{"start":{"line":19,"column":12},"end":{"line":19,"column":null}},"7":{"start":{"line":22,"column":12},"end":{"line":22,"column":null}},"8":{"start":{"line":26,"column":19},"end":{"line":45,"column":5}},"9":{"start":{"line":27,"column":7},"end":{"line":43,"column":8}},"10":{"start":{"line":29,"column":26},"end":{"line":29,"column":55}},"11":{"start":{"line":31,"column":12},"end":{"line":31,"column":null}},"12":{"start":{"line":33,"column":12},"end":{"line":33,"column":null}},"13":{"start":{"line":37,"column":12},"end":{"line":37,"column":null}},"14":{"start":{"line":41,"column":12},"end":{"line":41,"column":null}},"15":{"start":{"line":47,"column":20},"end":{"line":55,"column":5}},"16":{"start":{"line":49,"column":21},"end":{"line":52,"column":10}},"17":{"start":{"line":54,"column":8},"end":{"line":54,"column":null}},"18":{"start":{"line":57,"column":23},"end":{"line":62,"column":5}},"19":{"start":{"line":59,"column":12},"end":{"line":59,"column":null}},"20":{"start":{"line":60,"column":12},"end":{"line":60,"column":null}},"21":{"start":{"line":64,"column":23},"end":{"line":68,"column":5}},"22":{"start":{"line":66,"column":12},"end":{"line":66,"column":null}},"23":{"start":{"line":67,"column":12},"end":{"line":67,"column":null}},"24":{"start":{"line":5,"column":0},"end":{"line":5,"column":13}}},"fnMap":{"0":{"name":"(anonymous_1)","decl":{"start":{"line":6,"column":19},"end":{"line":6,"column":24}},"loc":{"start":{"line":6,"column":53},"end":{"line":24,"column":5}}},"1":{"name":"(anonymous_2)","decl":{"start":{"line":26,"column":19},"end":{"line":26,"column":24}},"loc":{"start":{"line":26,"column":53},"end":{"line":45,"column":5}}},"2":{"name":"(anonymous_3)","decl":{"start":{"line":47,"column":20},"end":{"line":47,"column":25}},"loc":{"start":{"line":47,"column":55},"end":{"line":55,"column":5}}},"3":{"name":"(anonymous_4)","decl":{"start":{"line":57,"column":23},"end":{"line":57,"column":28}},"loc":{"start":{"line":57,"column":57},"end":{"line":62,"column":5}}},"4":{"name":"(anonymous_5)","decl":{"start":{"line":64,"column":23},"end":{"line":64,"column":28}},"loc":{"start":{"line":64,"column":57},"end":{"line":68,"column":5}}}},"branchMap":{},"s":{"0":2,"1":2,"2":2,"3":5,"4":5,"5":5,"6":4,"7":1,"8":2,"9":2,"10":2,"11":2,"12":2,"13":1,"14":1,"15":2,"16":3,"17":3,"18":2,"19":1,"20":1,"21":2,"22":1,"23":1,"24":2},"f":{"0":5,"1":2,"2":3,"3":1,"4":1},"b":{}}
,"D:\\datos\\Documents\\Wash_Ticket\\backend\\src\\Controllers\\ExpensesController.ts": {"path":"D:\\datos\\Documents\\Wash_Ticket\\backend\\src\\Controllers\\ExpensesController.ts","statementMap":{"0":{"start":{"line":2,"column":0},"end":{"line":2,"column":39}},"1":{"start":{"line":8,"column":19},"end":{"line":22,"column":5}},"2":{"start":{"line":9,"column":8},"end":{"line":21,"column":9}},"3":{"start":{"line":11,"column":27},"end":{"line":11,"column":57}},"4":{"start":{"line":13,"column":12},"end":{"line":13,"column":null}},"5":{"start":{"line":15,"column":12},"end":{"line":15,"column":null}},"6":{"start":{"line":17,"column":12},"end":{"line":17,"column":null}},"7":{"start":{"line":20,"column":12},"end":{"line":20,"column":null}},"8":{"start":{"line":24,"column":18},"end":{"line":26,"column":5}},"9":{"start":{"line":25,"column":7},"end":{"line":25,"column":null}},"10":{"start":{"line":28,"column":23},"end":{"line":31,"column":5}},"11":{"start":{"line":29,"column":8},"end":{"line":29,"column":null}},"12":{"start":{"line":30,"column":8},"end":{"line":30,"column":null}},"13":{"start":{"line":33,"column":22},"end":{"line":37,"column":5}},"14":{"start":{"line":34,"column":8},"end":{"line":34,"column":null}},"15":{"start":{"line":35,"column":8},"end":{"line":35,"column":null}},"16":{"start":{"line":6,"column":0},"end":{"line":6,"column":13}}},"fnMap":{"0":{"name":"(anonymous_1)","decl":{"start":{"line":8,"column":19},"end":{"line":8,"column":24}},"loc":{"start":{"line":8,"column":53},"end":{"line":22,"column":5}}},"1":{"name":"(anonymous_2)","decl":{"start":{"line":24,"column":18},"end":{"line":24,"column":23}},"loc":{"start":{"line":24,"column":52},"end":{"line":26,"column":5}}},"2":{"name":"(anonymous_3)","decl":{"start":{"line":28,"column":23},"end":{"line":28,"column":28}},"loc":{"start":{"line":28,"column":57},"end":{"line":31,"column":5}}},"3":{"name":"(anonymous_4)","decl":{"start":{"line":33,"column":22},"end":{"line":33,"column":27}},"loc":{"start":{"line":33,"column":56},"end":{"line":37,"column":5}}}},"branchMap":{},"s":{"0":2,"1":2,"2":2,"3":2,"4":2,"5":2,"6":1,"7":1,"8":2,"9":1,"10":2,"11":1,"12":1,"13":2,"14":1,"15":1,"16":2},"f":{"0":2,"1":1,"2":1,"3":1},"b":{}}
,"D:\\datos\\Documents\\Wash_Ticket\\backend\\src\\Controllers\\authcontroller.ts": {"path":"D:\\datos\\Documents\\Wash_Ticket\\backend\\src\\Controllers\\authcontroller.ts","statementMap":{"0":{"start":{"line":2,"column":0},"end":{"line":2,"column":34}},"1":{"start":{"line":4,"column":0},"end":{"line":4,"column":59}},"2":{"start":{"line":5,"column":0},"end":{"line":5,"column":46}},"3":{"start":{"line":6,"column":0},"end":{"line":6,"column":48}},"4":{"start":{"line":7,"column":0},"end":{"line":7,"column":42}},"5":{"start":{"line":11,"column":25},"end":{"line":52,"column":5}},"6":{"start":{"line":14,"column":30},"end":{"line":14,"column":38}},"7":{"start":{"line":16,"column":23},"end":{"line":16,"column":58}},"8":{"start":{"line":18,"column":7},"end":{"line":21,"column":8}},"9":{"start":{"line":19,"column":20},"end":{"line":19,"column":77}},"10":{"start":{"line":20,"column":8},"end":{"line":20,"column":null}},"11":{"start":{"line":23,"column":8},"end":{"line":51,"column":9}},"12":{"start":{"line":25,"column":25},"end":{"line":25,"column":53}},"13":{"start":{"line":27,"column":12},"end":{"line":27,"column":null}},"14":{"start":{"line":30,"column":24},"end":{"line":30,"column":39}},"15":{"start":{"line":32,"column":12},"end":{"line":32,"column":29}},"16":{"start":{"line":33,"column":12},"end":{"line":35,"column":13}},"17":{"start":{"line":34,"column":16},"end":{"line":34,"column":null}},"18":{"start":{"line":36,"column":12},"end":{"line":36,"column":null}},"19":{"start":{"line":37,"column":12},"end":{"line":42,"column":15}},"20":{"start":{"line":38,"column":11},"end":{"line":42,"column":15}},"21":{"start":{"line":45,"column":12},"end":{"line":45,"column":null}},"22":{"start":{"line":50,"column":12},"end":{"line":50,"column":null}},"23":{"start":{"line":53,"column":31},"end":{"line":70,"column":5}},"24":{"start":{"line":55,"column":22},"end":{"line":55,"column":30}},"25":{"start":{"line":57,"column":20},"end":{"line":57,"column":55}},"26":{"start":{"line":59,"column":8},"end":{"line":62,"column":9}},"27":{"start":{"line":60,"column":24},"end":{"line":60,"column":62}},"28":{"start":{"line":61,"column":12},"end":{"line":61,"column":null}},"29":{"start":{"line":64,"column":8},"end":{"line":64,"column":null}},"30":{"start":{"line":65,"column":8},"end":{"line":65,"column":null}},"31":{"start":{"line":66,"column":8},"end":{"line":66,"column":null}},"32":{"start":{"line":68,"column":8},"end":{"line":68,"column":null}},"33":{"start":{"line":71,"column":18},"end":{"line":95,"column":5}},"34":{"start":{"line":72,"column":32},"end":{"line":72,"column":40}},"35":{"start":{"line":74,"column":20},"end":{"line":74,"column":55}},"36":{"start":{"line":75,"column":8},"end":{"line":78,"column":9}},"37":{"start":{"line":76,"column":24},"end":{"line":76,"column":58}},"38":{"start":{"line":77,"column":12},"end":{"line":77,"column":null}},"39":{"start":{"line":80,"column":8},"end":{"line":83,"column":9}},"40":{"start":{"line":81,"column":24},"end":{"line":81,"column":68}},"41":{"start":{"line":82,"column":12},"end":{"line":82,"column":null}},"42":{"start":{"line":85,"column":31},"end":{"line":85,"column":75}},"43":{"start":{"line":86,"column":12},"end":{"line":89,"column":13}},"44":{"start":{"line":87,"column":28},"end":{"line":87,"column":62}},"45":{"start":{"line":88,"column":16},"end":{"line":88,"column":null}},"46":{"start":{"line":91,"column":20},"end":{"line":91,"column":40}},"47":{"start":{"line":93,"column":8},"end":{"line":93,"column":null}},"48":{"start":{"line":96,"column":26},"end":{"line":117,"column":5}},"49":{"start":{"line":97,"column":22},"end":{"line":97,"column":30}},"50":{"start":{"line":98,"column":20},"end":{"line":98,"column":55}},"51":{"start":{"line":99,"column":8},"end":{"line":102,"column":9}},"52":{"start":{"line":100,"column":25},"end":{"line":100,"column":58}},"53":{"start":{"line":101,"column":12},"end":{"line":101,"column":null}},"54":{"start":{"line":104,"column":8},"end":{"line":104,"column":null}},"55":{"start":{"line":106,"column":8},"end":{"line":106,"column":null}},"56":{"start":{"line":108,"column":8},"end":{"line":113,"column":null}},"57":{"start":{"line":115,"column":8},"end":{"line":115,"column":null}},"58":{"start":{"line":119,"column":26},"end":{"line":128,"column":5}},"59":{"start":{"line":120,"column":21},"end":{"line":120,"column":29}},"60":{"start":{"line":121,"column":25},"end":{"line":121,"column":61}},"61":{"start":{"line":122,"column":8},"end":{"line":125,"column":9}},"62":{"start":{"line":123,"column":24},"end":{"line":123,"column":52}},"63":{"start":{"line":124,"column":12},"end":{"line":124,"column":null}},"64":{"start":{"line":126,"column":8},"end":{"line":126,"column":null}},"65":{"start":{"line":130,"column":35},"end":{"line":143,"column":5}},"66":{"start":{"line":131,"column":22},"end":{"line":131,"column":32}},"67":{"start":{"line":132,"column":25},"end":{"line":132,"column":33}},"68":{"start":{"line":133,"column":20},"end":{"line":133,"column":55}},"69":{"start":{"line":134,"column":8},"end":{"line":137,"column":9}},"70":{"start":{"line":135,"column":25},"end":{"line":135,"column":53}},"71":{"start":{"line":136,"column":12},"end":{"line":136,"column":null}},"72":{"start":{"line":139,"column":8},"end":{"line":139,"column":null}},"73":{"start":{"line":140,"column":8},"end":{"line":140,"column":null}},"74":{"start":{"line":141,"column":8},"end":{"line":141,"column":null}},"75":{"start":{"line":142,"column":8},"end":{"line":142,"column":null}},"76":{"start":{"line":144,"column":17},"end":{"line":147,"column":5}},"77":{"start":{"line":145,"column":8},"end":{"line":145,"column":null}},"78":{"start":{"line":149,"column":37},"end":{"line":168,"column":5}},"79":{"start":{"line":150,"column":42},"end":{"line":150,"column":50}},"80":{"start":{"line":151,"column":19},"end":{"line":151,"column":27}},"81":{"start":{"line":153,"column":20},"end":{"line":153,"column":43}},"82":{"start":{"line":155,"column":30},"end":{"line":155,"column":82}},"83":{"start":{"line":157,"column":8},"end":{"line":160,"column":9}},"84":{"start":{"line":158,"column":24},"end":{"line":158,"column":64}},"85":{"start":{"line":159,"column":12},"end":{"line":159,"column":null}},"86":{"start":{"line":162,"column":8},"end":{"line":162,"column":null}},"87":{"start":{"line":164,"column":8},"end":{"line":164,"column":null}},"88":{"start":{"line":167,"column":8},"end":{"line":167,"column":null}},"89":{"start":{"line":170,"column":25},"end":{"line":185,"column":5}},"90":{"start":{"line":171,"column":25},"end":{"line":171,"column":33}},"91":{"start":{"line":173,"column":19},"end":{"line":173,"column":27}},"92":{"start":{"line":175,"column":20},"end":{"line":175,"column":43}},"93":{"start":{"line":177,"column":33},"end":{"line":177,"column":78}},"94":{"start":{"line":179,"column":8},"end":{"line":182,"column":9}},"95":{"start":{"line":180,"column":24},"end":{"line":180,"column":58}},"96":{"start":{"line":181,"column":12},"end":{"line":181,"column":null}},"97":{"start":{"line":184,"column":8},"end":{"line":184,"column":null}},"98":{"start":{"line":10,"column":0},"end":{"line":10,"column":13}}},"fnMap":{"0":{"name":"(anonymous_1)","decl":{"start":{"line":11,"column":25},"end":{"line":11,"column":30}},"loc":{"start":{"line":11,"column":59},"end":{"line":52,"column":5}}},"1":{"name":"(anonymous_2)","decl":{"start":{"line":53,"column":31},"end":{"line":53,"column":36}},"loc":{"start":{"line":53,"column":66},"end":{"line":70,"column":5}}},"2":{"name":"(anonymous_3)","decl":{"start":{"line":71,"column":18},"end":{"line":71,"column":23}},"loc":{"start":{"line":71,"column":53},"end":{"line":95,"column":5}}},"3":{"name":"(anonymous_4)","decl":{"start":{"line":96,"column":26},"end":{"line":96,"column":31}},"loc":{"start":{"line":96,"column":60},"end":{"line":117,"column":5}}},"4":{"name":"(anonymous_5)","decl":{"start":{"line":119,"column":26},"end":{"line":119,"column":31}},"loc":{"start":{"line":119,"column":60},"end":{"line":128,"column":5}}},"5":{"name":"(anonymous_6)","decl":{"start":{"line":130,"column":35},"end":{"line":130,"column":40}},"loc":{"start":{"line":130,"column":70},"end":{"line":143,"column":5}}},"6":{"name":"(anonymous_7)","decl":{"start":{"line":144,"column":17},"end":{"line":144,"column":22}},"loc":{"start":{"line":144,"column":51},"end":{"line":147,"column":5}}},"7":{"name":"(anonymous_8)","decl":{"start":{"line":149,"column":37},"end":{"line":149,"column":42}},"loc":{"start":{"line":149,"column":71},"end":{"line":168,"column":5}}},"8":{"name":"(anonymous_9)","decl":{"start":{"line":170,"column":25},"end":{"line":170,"column":30}},"loc":{"start":{"line":170,"column":59},"end":{"line":185,"column":5}}}},"branchMap":{"0":{"loc":{"start":{"line":18,"column":7},"end":{"line":21,"column":8}},"type":"if","locations":[{"start":{"line":18,"column":7},"end":{"line":21,"column":8}},{"start":{},"end":{}}]},"1":{"loc":{"start":{"line":33,"column":12},"end":{"line":35,"column":13}},"type":"if","locations":[{"start":{"line":33,"column":12},"end":{"line":35,"column":13}},{"start":{},"end":{}}]},"2":{"loc":{"start":{"line":37,"column":12},"end":{"line":42,"column":15}},"type":"if","locations":[{"start":{"line":37,"column":12},"end":{"line":42,"column":15}},{"start":{},"end":{}}]},"3":{"loc":{"start":{"line":59,"column":8},"end":{"line":62,"column":9}},"type":"if","locations":[{"start":{"line":59,"column":8},"end":{"line":62,"column":9}},{"start":{},"end":{}}]},"4":{"loc":{"start":{"line":75,"column":8},"end":{"line":78,"column":9}},"type":"if","locations":[{"start":{"line":75,"column":8},"end":{"line":78,"column":9}},{"start":{},"end":{}}]},"5":{"loc":{"start":{"line":80,"column":8},"end":{"line":83,"column":9}},"type":"if","locations":[{"start":{"line":80,"column":8},"end":{"line":83,"column":9}},{"start":{},"end":{}}]},"6":{"loc":{"start":{"line":86,"column":12},"end":{"line":89,"column":13}},"type":"if","locations":[{"start":{"line":86,"column":12},"end":{"line":89,"column":13}},{"start":{},"end":{}}]},"7":{"loc":{"start":{"line":99,"column":8},"end":{"line":102,"column":9}},"type":"if","locations":[{"start":{"line":99,"column":8},"end":{"line":102,"column":9}},{"start":{},"end":{}}]},"8":{"loc":{"start":{"line":122,"column":8},"end":{"line":125,"column":9}},"type":"if","locations":[{"start":{"line":122,"column":8},"end":{"line":125,"column":9}},{"start":{},"end":{}}]},"9":{"loc":{"start":{"line":134,"column":8},"end":{"line":137,"column":9}},"type":"if","locations":[{"start":{"line":134,"column":8},"end":{"line":137,"column":9}},{"start":{},"end":{}}]},"10":{"loc":{"start":{"line":157,"column":8},"end":{"line":160,"column":9}},"type":"if","locations":[{"start":{"line":157,"column":8},"end":{"line":160,"column":9}},{"start":{},"end":{}}]},"11":{"loc":{"start":{"line":179,"column":8},"end":{"line":182,"column":9}},"type":"if","locations":[{"start":{"line":179,"column":8},"end":{"line":182,"column":9}},{"start":{},"end":{}}]}},"s":{"0":2,"1":2,"2":2,"3":2,"4":2,"5":2,"6":4,"7":4,"8":4,"9":3,"10":3,"11":1,"12":1,"13":1,"14":1,"15":1,"16":1,"17":1,"18":1,"19":1,"20":1,"21":1,"22":0,"23":2,"24":1,"25":1,"26":1,"27":1,"28":1,"29":1,"30":0,"31":0,"32":0,"33":2,"34":13,"35":13,"36":13,"37":2,"38":2,"39":11,"40":2,"41":2,"42":9,"43":9,"44":2,"45":2,"46":7,"47":7,"48":2,"49":0,"50":0,"51":0,"52":0,"53":0,"54":0,"55":0,"56":0,"57":0,"58":2,"59":0,"60":0,"61":0,"62":0,"63":0,"64":0,"65":2,"66":0,"67":0,"68":0,"69":0,"70":0,"71":0,"72":0,"73":0,"74":0,"75":0,"76":2,"77":0,"78":2,"79":0,"80":0,"81":0,"82":0,"83":0,"84":0,"85":0,"86":0,"87":0,"88":0,"89":2,"90":0,"91":0,"92":0,"93":0,"94":0,"95":0,"96":0,"97":0,"98":2},"f":{"0":4,"1":1,"2":13,"3":0,"4":0,"5":0,"6":0,"7":0,"8":0},"b":{"0":[3,1],"1":[1,0],"2":[1,0],"3":[1,0],"4":[2,11],"5":[2,9],"6":[2,7],"7":[0,0],"8":[0,0],"9":[0,0],"10":[0,0],"11":[0,0]}}
,"D:\\datos\\Documents\\Wash_Ticket\\backend\\src\\config\\NodeMailer.ts": {"path":"D:\\datos\\Documents\\Wash_Ticket\\backend\\src\\config\\NodeMailer.ts","statementMap":{"0":{"start":{"line":1,"column":0},"end":{"line":1,"column":35}},"1":{"start":{"line":2,"column":0},"end":{"line":2,"column":27}},"2":{"start":{"line":4,"column":0},"end":{"line":4,"column":null}},"3":{"start":{"line":6,"column":14},"end":{"line":16,"column":1}},"4":{"start":{"line":7,"column":4},"end":{"line":14,"column":null}},"5":{"start":{"line":18,"column":13},"end":{"line":18,"column":62}}},"fnMap":{"0":{"name":"(anonymous_1)","decl":{"start":{"line":6,"column":14},"end":{"line":6,"column":16}},"loc":{"start":{"line":6,"column":18},"end":{"line":16,"column":1}}}},"branchMap":{},"s":{"0":2,"1":2,"2":2,"3":2,"4":2,"5":2},"f":{"0":2},"b":{}}
,"D:\\datos\\Documents\\Wash_Ticket\\backend\\src\\config\\db.ts": {"path":"D:\\datos\\Documents\\Wash_Ticket\\backend\\src\\config\\db.ts","statementMap":{"0":{"start":{"line":1,"column":0},"end":{"line":1,"column":49}},"1":{"start":{"line":2,"column":0},"end":{"line":2,"column":27}},"2":{"start":{"line":4,"column":0},"end":{"line":4,"column":null}},"3":{"start":{"line":6,"column":13},"end":{"line":15,"column":null}}},"fnMap":{},"branchMap":{},"s":{"0":1,"1":1,"2":1,"3":1},"f":{},"b":{}}
,"D:\\datos\\Documents\\Wash_Ticket\\backend\\src\\config\\limiter.ts": {"path":"D:\\datos\\Documents\\Wash_Ticket\\backend\\src\\config\\limiter.ts","statementMap":{"0":{"start":{"line":2,"column":0},"end":{"line":2,"column":46}},"1":{"start":{"line":4,"column":13},"end":{"line":10,"column":null}}},"fnMap":{},"branchMap":{"0":{"loc":{"start":{"line":8,"column":10},"end":{"line":8,"column":52}},"type":"cond-expr","locations":[{"start":{"line":8,"column":47},"end":{"line":8,"column":48}},{"start":{"line":8,"column":49},"end":{"line":8,"column":52}}]}},"s":{"0":1,"1":1},"f":{},"b":{"0":[0,1]}}
,"D:\\datos\\Documents\\Wash_Ticket\\backend\\src\\emails\\AuthEmail.ts": {"path":"D:\\datos\\Documents\\Wash_Ticket\\backend\\src\\emails\\AuthEmail.ts","statementMap":{"0":{"start":{"line":1,"column":0},"end":{"line":1,"column":48}},"1":{"start":{"line":10,"column":32},"end":{"line":25,"column":5}},"2":{"start":{"line":12,"column":21},"end":{"line":22,"column":10}},"3":{"start":{"line":26,"column":34},"end":{"line":40,"column":5}},"4":{"start":{"line":27,"column":21},"end":{"line":37,"column":10}},"5":{"start":{"line":38,"column":8},"end":{"line":38,"column":null}},"6":{"start":{"line":9,"column":0},"end":{"line":9,"column":13}}},"fnMap":{"0":{"name":"(anonymous_0)","decl":{"start":{"line":10,"column":32},"end":{"line":10,"column":37}},"loc":{"start":{"line":10,"column":56},"end":{"line":25,"column":5}}},"1":{"name":"(anonymous_1)","decl":{"start":{"line":26,"column":34},"end":{"line":26,"column":39}},"loc":{"start":{"line":26,"column":58},"end":{"line":40,"column":5}}}},"branchMap":{},"s":{"0":2,"1":2,"2":0,"3":2,"4":0,"5":0,"6":2},"f":{"0":0,"1":0},"b":{}}
,"D:\\datos\\Documents\\Wash_Ticket\\backend\\src\\middleware\\auth.ts": {"path":"D:\\datos\\Documents\\Wash_Ticket\\backend\\src\\middleware\\auth.ts","statementMap":{"0":{"start":{"line":2,"column":0},"end":{"line":2,"column":31}},"1":{"start":{"line":3,"column":0},"end":{"line":3,"column":33}},"2":{"start":{"line":11,"column":26},"end":{"line":45,"column":5}},"3":{"start":{"line":14,"column":22},"end":{"line":14,"column":47}},"4":{"start":{"line":16,"column":8},"end":{"line":19,"column":9}},"5":{"start":{"line":17,"column":24},"end":{"line":17,"column":50}},"6":{"start":{"line":18,"column":12},"end":{"line":18,"column":null}},"7":{"start":{"line":21,"column":24},"end":{"line":21,"column":41}},"8":{"start":{"line":23,"column":8},"end":{"line":26,"column":9}},"9":{"start":{"line":24,"column":24},"end":{"line":24,"column":52}},"10":{"start":{"line":25,"column":12},"end":{"line":25,"column":null}},"11":{"start":{"line":29,"column":8},"end":{"line":43,"column":9}},"12":{"start":{"line":31,"column":26},"end":{"line":31,"column":67}},"13":{"start":{"line":33,"column":12},"end":{"line":38,"column":13}},"14":{"start":{"line":34,"column":16},"end":{"line":36,"column":null}},"15":{"start":{"line":37,"column":16},"end":{"line":37,"column":null}},"16":{"start":{"line":42,"column":12},"end":{"line":42,"column":null}},"17":{"start":{"line":11,"column":13},"end":{"line":11,"column":26}}},"fnMap":{"0":{"name":"(anonymous_1)","decl":{"start":{"line":11,"column":26},"end":{"line":11,"column":31}},"loc":{"start":{"line":11,"column":80},"end":{"line":45,"column":5}}}},"branchMap":{"0":{"loc":{"start":{"line":16,"column":8},"end":{"line":19,"column":9}},"type":"if","locations":[{"start":{"line":16,"column":8},"end":{"line":19,"column":9}},{"start":{},"end":{}}]},"1":{"loc":{"start":{"line":23,"column":8},"end":{"line":26,"column":9}},"type":"if","locations":[{"start":{"line":23,"column":8},"end":{"line":26,"column":9}},{"start":{},"end":{}}]},"2":{"loc":{"start":{"line":33,"column":12},"end":{"line":38,"column":13}},"type":"if","locations":[{"start":{"line":33,"column":12},"end":{"line":38,"column":13}},{"start":{},"end":{}}]},"3":{"loc":{"start":{"line":33,"column":16},"end":{"line":33,"column":53}},"type":"binary-expr","locations":[{"start":{"line":33,"column":16},"end":{"line":33,"column":41}},{"start":{"line":33,"column":43},"end":{"line":33,"column":53}}]}},"s":{"0":1,"1":1,"2":1,"3":14,"4":14,"5":6,"6":6,"7":8,"8":8,"9":0,"10":0,"11":8,"12":8,"13":7,"14":7,"15":7,"16":1,"17":1},"f":{"0":14},"b":{"0":[6,8],"1":[0,8],"2":[7,0],"3":[7,7]}}
,"D:\\datos\\Documents\\Wash_Ticket\\backend\\src\\middleware\\budge.ts": {"path":"D:\\datos\\Documents\\Wash_Ticket\\backend\\src\\middleware\\budge.ts","statementMap":{"0":{"start":{"line":70,"column":0},"end":{"line":70,"column":16}},"1":{"start":{"line":2,"column":0},"end":{"line":2,"column":63}},"2":{"start":{"line":3,"column":0},"end":{"line":3,"column":37}},"3":{"start":{"line":12,"column":31},"end":{"line":27,"column":1}},"4":{"start":{"line":14,"column":4},"end":{"line":19,"column":null}},"5":{"start":{"line":18,"column":19},"end":{"line":18,"column":28}},"6":{"start":{"line":20,"column":15},"end":{"line":20,"column":36}},"7":{"start":{"line":21,"column":8},"end":{"line":23,"column":9}},"8":{"start":{"line":22,"column":12},"end":{"line":22,"column":null}},"9":{"start":{"line":25,"column":4},"end":{"line":25,"column":null}},"10":{"start":{"line":12,"column":13},"end":{"line":12,"column":31}},"11":{"start":{"line":29,"column":34},"end":{"line":48,"column":1}},"12":{"start":{"line":31,"column":4},"end":{"line":47,"column":5}},"13":{"start":{"line":34,"column":25},"end":{"line":34,"column":35}},"14":{"start":{"line":36,"column":22},"end":{"line":36,"column":53}},"15":{"start":{"line":38,"column":8},"end":{"line":41,"column":9}},"16":{"start":{"line":39,"column":24},"end":{"line":39,"column":62}},"17":{"start":{"line":40,"column":12},"end":{"line":40,"column":null}},"18":{"start":{"line":43,"column":8},"end":{"line":43,"column":null}},"19":{"start":{"line":44,"column":8},"end":{"line":44,"column":null}},"20":{"start":{"line":46,"column":8},"end":{"line":46,"column":null}},"21":{"start":{"line":29,"column":13},"end":{"line":29,"column":34}},"22":{"start":{"line":50,"column":35},"end":{"line":68,"column":1}},"23":{"start":{"line":53,"column":8},"end":{"line":65,"column":null}},"24":{"start":{"line":64,"column":23},"end":{"line":64,"column":31}},"25":{"start":{"line":66,"column":4},"end":{"line":66,"column":null}},"26":{"start":{"line":50,"column":13},"end":{"line":50,"column":35}},"27":{"start":{"line":73,"column":3},"end":{"line":76,"column":4}},"28":{"start":{"line":74,"column":17},"end":{"line":74,"column":46}},"29":{"start":{"line":75,"column":4},"end":{"line":75,"column":null}},"30":{"start":{"line":78,"column":4},"end":{"line":78,"column":null}}},"fnMap":{"0":{"name":"(anonymous_1)","decl":{"start":{"line":12,"column":31},"end":{"line":12,"column":36}},"loc":{"start":{"line":12,"column":84},"end":{"line":27,"column":1}}},"1":{"name":"(anonymous_2)","decl":{"start":{"line":18,"column":12},"end":{"line":18,"column":17}},"loc":{"start":{"line":18,"column":19},"end":{"line":18,"column":28}}},"2":{"name":"(anonymous_3)","decl":{"start":{"line":29,"column":34},"end":{"line":29,"column":39}},"loc":{"start":{"line":29,"column":87},"end":{"line":48,"column":1}}},"3":{"name":"(anonymous_4)","decl":{"start":{"line":50,"column":35},"end":{"line":50,"column":40}},"loc":{"start":{"line":50,"column":89},"end":{"line":68,"column":1}}},"4":{"name":"(anonymous_5)","decl":{"start":{"line":64,"column":16},"end":{"line":64,"column":21}},"loc":{"start":{"line":64,"column":23},"end":{"line":64,"column":31}}},"5":{"name":"hasAcces","decl":{"start":{"line":70,"column":16},"end":{"line":70,"column":24}},"loc":{"start":{"line":70,"column":70},"end":{"line":79,"column":1}}}},"branchMap":{"0":{"loc":{"start":{"line":21,"column":8},"end":{"line":23,"column":9}},"type":"if","locations":[{"start":{"line":21,"column":8},"end":{"line":23,"column":9}},{"start":{},"end":{}}]},"1":{"loc":{"start":{"line":38,"column":8},"end":{"line":41,"column":9}},"type":"if","locations":[{"start":{"line":38,"column":8},"end":{"line":41,"column":9}},{"start":{},"end":{}}]},"2":{"loc":{"start":{"line":73,"column":3},"end":{"line":76,"column":4}},"type":"if","locations":[{"start":{"line":73,"column":3},"end":{"line":76,"column":4}},{"start":{},"end":{}}]}},"s":{"0":3,"1":3,"2":3,"3":3,"4":5,"5":5,"6":5,"7":5,"8":0,"9":5,"10":3,"11":3,"12":8,"13":8,"14":8,"15":7,"16":6,"17":6,"18":1,"19":1,"20":1,"21":3,"22":3,"23":1,"24":1,"25":1,"26":3,"27":3,"28":2,"29":2,"30":1},"f":{"0":5,"1":5,"2":8,"3":1,"4":1,"5":3},"b":{"0":[0,5],"1":[6,1],"2":[2,1]}}
,"D:\\datos\\Documents\\Wash_Ticket\\backend\\src\\middleware\\expense.ts": {"path":"D:\\datos\\Documents\\Wash_Ticket\\backend\\src\\middleware\\expense.ts","statementMap":{"0":{"start":{"line":3,"column":0},"end":{"line":3,"column":65}},"1":{"start":{"line":5,"column":0},"end":{"line":5,"column":40}},"2":{"start":{"line":13,"column":36},"end":{"line":23,"column":1}},"3":{"start":{"line":14,"column":4},"end":{"line":15,"column":null}},"4":{"start":{"line":17,"column":4},"end":{"line":20,"column":null}},"5":{"start":{"line":20,"column":23},"end":{"line":20,"column":30}},"6":{"start":{"line":22,"column":4},"end":{"line":22,"column":null}},"7":{"start":{"line":13,"column":14},"end":{"line":13,"column":36}},"8":{"start":{"line":25,"column":32},"end":{"line":39,"column":1}},"9":{"start":{"line":26,"column":4},"end":{"line":29,"column":null}},"10":{"start":{"line":28,"column":23},"end":{"line":28,"column":30}},"11":{"start":{"line":30,"column":22},"end":{"line":30,"column":43}},"12":{"start":{"line":32,"column":12},"end":{"line":34,"column":13}},"13":{"start":{"line":33,"column":16},"end":{"line":33,"column":null}},"14":{"start":{"line":37,"column":4},"end":{"line":37,"column":null}},"15":{"start":{"line":25,"column":13},"end":{"line":25,"column":32}},"16":{"start":{"line":40,"column":35},"end":{"line":54,"column":1}},"17":{"start":{"line":41,"column":4},"end":{"line":53,"column":5}},"18":{"start":{"line":42,"column":26},"end":{"line":42,"column":36}},"19":{"start":{"line":43,"column":22},"end":{"line":43,"column":55}},"20":{"start":{"line":44,"column":8},"end":{"line":47,"column":9}},"21":{"start":{"line":45,"column":25},"end":{"line":45,"column":58}},"22":{"start":{"line":46,"column":12},"end":{"line":46,"column":null}},"23":{"start":{"line":48,"column":8},"end":{"line":48,"column":null}},"24":{"start":{"line":49,"column":8},"end":{"line":49,"column":null}},"25":{"start":{"line":52,"column":8},"end":{"line":52,"column":null}},"26":{"start":{"line":40,"column":13},"end":{"line":40,"column":35}}},"fnMap":{"0":{"name":"(anonymous_1)","decl":{"start":{"line":13,"column":36},"end":{"line":13,"column":41}},"loc":{"start":{"line":13,"column":89},"end":{"line":23,"column":1}}},"1":{"name":"(anonymous_2)","decl":{"start":{"line":20,"column":16},"end":{"line":20,"column":21}},"loc":{"start":{"line":20,"column":23},"end":{"line":20,"column":30}}},"2":{"name":"(anonymous_3)","decl":{"start":{"line":25,"column":32},"end":{"line":25,"column":37}},"loc":{"start":{"line":25,"column":85},"end":{"line":39,"column":1}}},"3":{"name":"(anonymous_4)","decl":{"start":{"line":28,"column":16},"end":{"line":28,"column":21}},"loc":{"start":{"line":28,"column":23},"end":{"line":28,"column":30}}},"4":{"name":"(anonymous_5)","decl":{"start":{"line":40,"column":35},"end":{"line":40,"column":40}},"loc":{"start":{"line":40,"column":89},"end":{"line":54,"column":1}}}},"branchMap":{"0":{"loc":{"start":{"line":32,"column":12},"end":{"line":34,"column":13}},"type":"if","locations":[{"start":{"line":32,"column":12},"end":{"line":34,"column":13}},{"start":{},"end":{}}]},"1":{"loc":{"start":{"line":44,"column":8},"end":{"line":47,"column":9}},"type":"if","locations":[{"start":{"line":44,"column":8},"end":{"line":47,"column":9}},{"start":{},"end":{}}]}},"s":{"0":2,"1":2,"2":2,"3":0,"4":0,"5":0,"6":0,"7":2,"8":2,"9":0,"10":0,"11":0,"12":0,"13":0,"14":0,"15":2,"16":2,"17":3,"18":3,"19":3,"20":2,"21":1,"22":1,"23":1,"24":1,"25":1,"26":2},"f":{"0":0,"1":0,"2":0,"3":0,"4":3},"b":{"0":[0,0],"1":[1,1]}}
,"D:\\datos\\Documents\\Wash_Ticket\\backend\\src\\middleware\\validatio.ts": {"path":"D:\\datos\\Documents\\Wash_Ticket\\backend\\src\\middleware\\validatio.ts","statementMap":{"0":{"start":{"line":2,"column":0},"end":{"line":2,"column":52}},"1":{"start":{"line":4,"column":33},"end":{"line":13,"column":1}},"2":{"start":{"line":6,"column":17},"end":{"line":6,"column":38}},"3":{"start":{"line":8,"column":4},"end":{"line":10,"column":5}},"4":{"start":{"line":9,"column":8},"end":{"line":9,"column":null}},"5":{"start":{"line":11,"column":4},"end":{"line":11,"column":null}},"6":{"start":{"line":4,"column":13},"end":{"line":4,"column":33}}},"fnMap":{"0":{"name":"(anonymous_0)","decl":{"start":{"line":4,"column":33},"end":{"line":4,"column":34}},"loc":{"start":{"line":4,"column":85},"end":{"line":13,"column":1}}}},"branchMap":{"0":{"loc":{"start":{"line":8,"column":4},"end":{"line":10,"column":5}},"type":"if","locations":[{"start":{"line":8,"column":4},"end":{"line":10,"column":5}},{"start":{},"end":{}}]}},"s":{"0":1,"1":1,"2":21,"3":21,"4":8,"5":13,"6":1},"f":{"0":21},"b":{"0":[8,13]}}
,"D:\\datos\\Documents\\Wash_Ticket\\backend\\src\\models\\Budget.ts": {"path":"D:\\datos\\Documents\\Wash_Ticket\\backend\\src\\models\\Budget.ts","statementMap":{"0":{"start":{"line":2,"column":0},"end":{"line":2,"column":109}},"1":{"start":{"line":3,"column":0},"end":{"line":3,"column":31}},"2":{"start":{"line":4,"column":0},"end":{"line":4,"column":25}},"3":{"start":{"line":11,"column":0},"end":{"line":39,"column":null}},"4":{"start":{"line":18,"column":12},"end":{"line":18,"column":null}},"5":{"start":{"line":23,"column":12},"end":{"line":23,"column":null}},"6":{"start":{"line":31,"column":12},"end":{"line":31,"column":null}},"7":{"start":{"line":25,"column":17},"end":{"line":25,"column":24}},"8":{"start":{"line":34,"column":12},"end":{"line":34,"column":null}},"9":{"start":{"line":33,"column":20},"end":{"line":33,"column":24}},"10":{"start":{"line":37,"column":12},"end":{"line":37,"column":null}},"11":{"start":{"line":36,"column":19},"end":{"line":36,"column":23}},"12":{"start":{"line":11,"column":6},"end":{"line":39,"column":null}},"13":{"start":{"line":40,"column":0},"end":{"line":40,"column":null}}},"fnMap":{"0":{"name":"(anonymous_3)","decl":{"start":{"line":25,"column":13},"end":{"line":25,"column":15}},"loc":{"start":{"line":25,"column":17},"end":{"line":25,"column":24}}},"1":{"name":"(anonymous_4)","decl":{"start":{"line":33,"column":16},"end":{"line":33,"column":18}},"loc":{"start":{"line":33,"column":20},"end":{"line":33,"column":24}}},"2":{"name":"(anonymous_5)","decl":{"start":{"line":36,"column":15},"end":{"line":36,"column":17}},"loc":{"start":{"line":36,"column":19},"end":{"line":36,"column":23}}}},"branchMap":{},"s":{"0":3,"1":3,"2":3,"3":3,"4":3,"5":3,"6":3,"7":2,"8":3,"9":2,"10":3,"11":2,"12":3,"13":3},"f":{"0":2,"1":2,"2":2},"b":{}}
,"D:\\datos\\Documents\\Wash_Ticket\\backend\\src\\models\\Expense.ts": {"path":"D:\\datos\\Documents\\Wash_Ticket\\backend\\src\\models\\Expense.ts","statementMap":{"0":{"start":{"line":1,"column":0},"end":{"line":1,"column":104}},"1":{"start":{"line":2,"column":0},"end":{"line":2,"column":30}},"2":{"start":{"line":8,"column":0},"end":{"line":26,"column":null}},"3":{"start":{"line":14,"column":12},"end":{"line":14,"column":null}},"4":{"start":{"line":19,"column":12},"end":{"line":19,"column":null}},"5":{"start":{"line":22,"column":12},"end":{"line":22,"column":null}},"6":{"start":{"line":21,"column":20},"end":{"line":21,"column":26}},"7":{"start":{"line":25,"column":12},"end":{"line":25,"column":null}},"8":{"start":{"line":24,"column":19},"end":{"line":24,"column":25}},"9":{"start":{"line":8,"column":6},"end":{"line":26,"column":null}},"10":{"start":{"line":27,"column":0},"end":{"line":27,"column":null}}},"fnMap":{"0":{"name":"(anonymous_3)","decl":{"start":{"line":21,"column":16},"end":{"line":21,"column":18}},"loc":{"start":{"line":21,"column":20},"end":{"line":21,"column":26}}},"1":{"name":"(anonymous_4)","decl":{"start":{"line":24,"column":15},"end":{"line":24,"column":17}},"loc":{"start":{"line":24,"column":19},"end":{"line":24,"column":25}}}},"branchMap":{},"s":{"0":3,"1":3,"2":3,"3":3,"4":3,"5":3,"6":2,"7":3,"8":2,"9":3,"10":3},"f":{"0":2,"1":2},"b":{}}
,"D:\\datos\\Documents\\Wash_Ticket\\backend\\src\\models\\user.ts": {"path":"D:\\datos\\Documents\\Wash_Ticket\\backend\\src\\models\\user.ts","statementMap":{"0":{"start":{"line":1,"column":0},"end":{"line":1,"column":105}},"1":{"start":{"line":2,"column":0},"end":{"line":2,"column":30}},"2":{"start":{"line":8,"column":0},"end":{"line":57,"column":null}},"3":{"start":{"line":15,"column":12},"end":{"line":15,"column":null}},"4":{"start":{"line":21,"column":12},"end":{"line":21,"column":null}},"5":{"start":{"line":29,"column":12},"end":{"line":29,"column":null}},"6":{"start":{"line":34,"column":12},"end":{"line":34,"column":null}},"7":{"start":{"line":39,"column":12},"end":{"line":39,"column":null}},"8":{"start":{"line":46,"column":12},"end":{"line":46,"column":null}},"9":{"start":{"line":56,"column":12},"end":{"line":56,"column":null}},"10":{"start":{"line":50,"column":17},"end":{"line":50,"column":23}},"11":{"start":{"line":8,"column":6},"end":{"line":57,"column":null}},"12":{"start":{"line":58,"column":0},"end":{"line":58,"column":null}}},"fnMap":{"0":{"name":"(anonymous_3)","decl":{"start":{"line":50,"column":13},"end":{"line":50,"column":15}},"loc":{"start":{"line":50,"column":17},"end":{"line":50,"column":23}}}},"branchMap":{},"s":{"0":3,"1":3,"2":3,"3":3,"4":3,"5":3,"6":3,"7":3,"8":3,"9":3,"10":2,"11":3,"12":3},"f":{"0":2},"b":{}}
,"D:\\datos\\Documents\\Wash_Ticket\\backend\\src\\routes\\authRouter.ts": {"path":"D:\\datos\\Documents\\Wash_Ticket\\backend\\src\\routes\\authRouter.ts","statementMap":{"0":{"start":{"line":1,"column":0},"end":{"line":1,"column":33}},"1":{"start":{"line":2,"column":0},"end":{"line":2,"column":60}},"2":{"start":{"line":3,"column":0},"end":{"line":3,"column":63}},"3":{"start":{"line":4,"column":0},"end":{"line":4,"column":48}},"4":{"start":{"line":5,"column":0},"end":{"line":5,"column":44}},"5":{"start":{"line":6,"column":0},"end":{"line":6,"column":50}},"6":{"start":{"line":8,"column":13},"end":{"line":8,"column":21}},"7":{"start":{"line":10,"column":0},"end":{"line":10,"column":null}},"8":{"start":{"line":13,"column":0},"end":{"line":22,"column":null}},"9":{"start":{"line":25,"column":0},"end":{"line":34,"column":null}},"10":{"start":{"line":36,"column":0},"end":{"line":43,"column":null}},"11":{"start":{"line":45,"column":0},"end":{"line":50,"column":null}},"12":{"start":{"line":52,"column":0},"end":{"line":59,"column":null}},"13":{"start":{"line":61,"column":0},"end":{"line":70,"column":null}},"14":{"start":{"line":71,"column":0},"end":{"line":74,"column":null}},"15":{"start":{"line":76,"column":0},"end":{"line":87,"column":null}},"16":{"start":{"line":88,"column":0},"end":{"line":95,"column":null}},"17":{"start":{"line":99,"column":0},"end":{"line":99,"column":null}}},"fnMap":{},"branchMap":{},"s":{"0":1,"1":1,"2":1,"3":1,"4":1,"5":1,"6":1,"7":1,"8":1,"9":1,"10":1,"11":1,"12":1,"13":1,"14":1,"15":1,"16":1,"17":1},"f":{},"b":{}}
,"D:\\datos\\Documents\\Wash_Ticket\\backend\\src\\routes\\budgetRouter.ts": {"path":"D:\\datos\\Documents\\Wash_Ticket\\backend\\src\\routes\\budgetRouter.ts","statementMap":{"0":{"start":{"line":1,"column":0},"end":{"line":1,"column":33}},"1":{"start":{"line":2,"column":0},"end":{"line":2,"column":64}},"2":{"start":{"line":5,"column":0},"end":{"line":5,"column":60}},"3":{"start":{"line":6,"column":0},"end":{"line":6,"column":107}},"4":{"start":{"line":7,"column":0},"end":{"line":7,"column":70}},"5":{"start":{"line":8,"column":0},"end":{"line":8,"column":99}},"6":{"start":{"line":9,"column":0},"end":{"line":9,"column":50}},"7":{"start":{"line":11,"column":13},"end":{"line":11,"column":21}},"8":{"start":{"line":13,"column":0},"end":{"line":13,"column":41}},"9":{"start":{"line":15,"column":0},"end":{"line":15,"column":null}},"10":{"start":{"line":16,"column":0},"end":{"line":16,"column":64}},"11":{"start":{"line":17,"column":0},"end":{"line":17,"column":null}},"12":{"start":{"line":18,"column":0},"end":{"line":18,"column":null}},"13":{"start":{"line":19,"column":0},"end":{"line":19,"column":null}},"14":{"start":{"line":24,"column":0},"end":{"line":26,"column":null}},"15":{"start":{"line":27,"column":0},"end":{"line":32,"column":null}},"16":{"start":{"line":33,"column":0},"end":{"line":33,"column":null}},"17":{"start":{"line":34,"column":0},"end":{"line":37,"column":null}},"18":{"start":{"line":38,"column":0},"end":{"line":38,"column":null}},"19":{"start":{"line":41,"column":0},"end":{"line":44,"column":null}},"20":{"start":{"line":45,"column":0},"end":{"line":45,"column":null}},"21":{"start":{"line":46,"column":0},"end":{"line":46,"column":null}},"22":{"start":{"line":47,"column":0},"end":{"line":47,"column":null}},"23":{"start":{"line":48,"column":0},"end":{"line":48,"column":null}}},"fnMap":{},"branchMap":{},"s":{"0":1,"1":1,"2":1,"3":1,"4":1,"5":1,"6":1,"7":1,"8":1,"9":1,"10":1,"11":1,"12":1,"13":1,"14":1,"15":1,"16":1,"17":1,"18":1,"19":1,"20":1,"21":1,"22":1,"23":1},"f":{},"b":{}}
,"D:\\datos\\Documents\\Wash_Ticket\\backend\\src\\test\\mocks\\Expenses.ts": {"path":"D:\\datos\\Documents\\Wash_Ticket\\backend\\src\\test\\mocks\\Expenses.ts","statementMap":{"0":{"start":{"line":1,"column":13},"end":{"line":26,"column":null}}},"fnMap":{},"branchMap":{},"s":{"0":2},"f":{},"b":{}}
,"D:\\datos\\Documents\\Wash_Ticket\\backend\\src\\test\\mocks\\budgets.ts": {"path":"D:\\datos\\Documents\\Wash_Ticket\\backend\\src\\test\\mocks\\budgets.ts","statementMap":{"0":{"start":{"line":1,"column":13},"end":{"line":71,"column":2}}},"fnMap":{},"branchMap":{},"s":{"0":3},"f":{},"b":{}}
,"D:\\datos\\Documents\\Wash_Ticket\\backend\\src\\util\\auth.ts": {"path":"D:\\datos\\Documents\\Wash_Ticket\\backend\\src\\util\\auth.ts","statementMap":{"0":{"start":{"line":1,"column":0},"end":{"line":1,"column":27}},"1":{"start":{"line":3,"column":27},"end":{"line":8,"column":1}},"2":{"start":{"line":5,"column":15},"end":{"line":5,"column":39}},"3":{"start":{"line":7,"column":4},"end":{"line":7,"column":null}},"4":{"start":{"line":3,"column":13},"end":{"line":3,"column":27}},"5":{"start":{"line":9,"column":27},"end":{"line":11,"column":1}},"6":{"start":{"line":10,"column":4},"end":{"line":10,"column":null}},"7":{"start":{"line":9,"column":13},"end":{"line":9,"column":27}}},"fnMap":{"0":{"name":"(anonymous_1)","decl":{"start":{"line":3,"column":27},"end":{"line":3,"column":32}},"loc":{"start":{"line":3,"column":51},"end":{"line":8,"column":1}}},"1":{"name":"(anonymous_2)","decl":{"start":{"line":9,"column":27},"end":{"line":9,"column":32}},"loc":{"start":{"line":9,"column":63},"end":{"line":11,"column":1}}}},"branchMap":{},"s":{"0":2,"1":2,"2":0,"3":0,"4":2,"5":2,"6":5,"7":2},"f":{"0":0,"1":5},"b":{}}
,"D:\\datos\\Documents\\Wash_Ticket\\backend\\src\\util\\jwt.ts": {"path":"D:\\datos\\Documents\\Wash_Ticket\\backend\\src\\util\\jwt.ts","statementMap":{"0":{"start":{"line":1,"column":0},"end":{"line":1,"column":30}},"1":{"start":{"line":3,"column":25},"end":{"line":9,"column":1}},"2":{"start":{"line":5,"column":17},"end":{"line":7,"column":6}},"3":{"start":{"line":8,"column":4},"end":{"line":8,"column":null}},"4":{"start":{"line":3,"column":13},"end":{"line":3,"column":25}}},"fnMap":{"0":{"name":"(anonymous_1)","decl":{"start":{"line":3,"column":25},"end":{"line":3,"column":26}},"loc":{"start":{"line":3,"column":38},"end":{"line":9,"column":1}}}},"branchMap":{},"s":{"0":2,"1":2,"2":5,"3":5,"4":2},"f":{"0":5},"b":{}}
,"D:\\datos\\Documents\\Wash_Ticket\\backend\\src\\util\\token.ts": {"path":"D:\\datos\\Documents\\Wash_Ticket\\backend\\src\\util\\token.ts","statementMap":{"0":{"start":{"line":1,"column":27},"end":{"line":1,"column":83}},"1":{"start":{"line":1,"column":32},"end":{"line":1,"column":83}},"2":{"start":{"line":1,"column":13},"end":{"line":1,"column":27}}},"fnMap":{"0":{"name":"(anonymous_0)","decl":{"start":{"line":1,"column":27},"end":{"line":1,"column":29}},"loc":{"start":{"line":1,"column":32},"end":{"line":1,"column":83}}}},"branchMap":{},"s":{"0":2,"1":0,"2":2},"f":{"0":0},"b":{}}
}
