TN:
SF:src\server.ts
FN:8,connectDB
FN:32,(anonymous_2)
FNF:2
FNH:1
FNDA:1,connectDB
FNDA:0,(anonymous_2)
DA:1,1
DA:2,1
DA:3,1
DA:4,1
DA:5,1
DA:6,1
DA:8,1
DA:9,1
DA:11,1
DA:13,1
DA:14,1
DA:16,0
DA:20,1
DA:22,1
DA:24,1
DA:26,1
DA:29,1
DA:30,1
DA:32,1
DA:33,0
DA:40,1
LF:21
LH:19
BRF:0
BRH:0
end_of_record
TN:
SF:src\Controllers\BudgetController.ts
FN:6,(anonymous_1)
FN:26,(anonymous_2)
FN:47,(anonymous_3)
FN:57,(anonymous_4)
FN:64,(anonymous_5)
FNF:5
FNH:5
FNDA:5,(anonymous_1)
FNDA:2,(anonymous_2)
FNDA:3,(anonymous_3)
FNDA:1,(anonymous_4)
FNDA:1,(anonymous_5)
DA:2,2
DA:3,2
DA:5,2
DA:6,2
DA:8,5
DA:9,5
DA:10,5
DA:19,4
DA:22,1
DA:26,2
DA:27,2
DA:29,2
DA:31,2
DA:33,2
DA:37,1
DA:41,1
DA:47,2
DA:49,3
DA:54,3
DA:57,2
DA:59,1
DA:60,1
DA:64,2
DA:66,1
DA:67,1
LF:25
LH:25
BRF:0
BRH:0
end_of_record
TN:
SF:src\Controllers\ExpensesController.ts
FN:8,(anonymous_1)
FN:24,(anonymous_2)
FN:28,(anonymous_3)
FN:33,(anonymous_4)
FNF:4
FNH:4
FNDA:2,(anonymous_1)
FNDA:1,(anonymous_2)
FNDA:1,(anonymous_3)
FNDA:1,(anonymous_4)
DA:2,2
DA:6,2
DA:8,2
DA:9,2
DA:11,2
DA:13,2
DA:15,2
DA:17,1
DA:20,1
DA:24,2
DA:25,1
DA:28,2
DA:29,1
DA:30,1
DA:33,2
DA:34,1
DA:35,1
LF:17
LH:17
BRF:0
BRH:0
end_of_record
TN:
SF:src\Controllers\authcontroller.ts
FN:11,(anonymous_1)
FN:53,(anonymous_2)
FN:71,(anonymous_3)
FN:96,(anonymous_4)
FN:119,(anonymous_5)
FN:130,(anonymous_6)
FN:144,(anonymous_7)
FN:149,(anonymous_8)
FN:170,(anonymous_9)
FNF:9
FNH:3
FNDA:4,(anonymous_1)
FNDA:1,(anonymous_2)
FNDA:13,(anonymous_3)
FNDA:0,(anonymous_4)
FNDA:0,(anonymous_5)
FNDA:0,(anonymous_6)
FNDA:0,(anonymous_7)
FNDA:0,(anonymous_8)
FNDA:0,(anonymous_9)
DA:2,2
DA:4,2
DA:5,2
DA:6,2
DA:7,2
DA:10,2
DA:11,2
DA:14,4
DA:16,4
DA:18,4
DA:19,3
DA:20,3
DA:23,1
DA:25,1
DA:27,1
DA:30,1
DA:32,1
DA:33,1
DA:34,1
DA:36,1
DA:37,1
DA:38,1
DA:45,1
DA:50,0
DA:53,2
DA:55,1
DA:57,1
DA:59,1
DA:60,1
DA:61,1
DA:64,1
DA:65,0
DA:66,0
DA:68,0
DA:71,2
DA:72,13
DA:74,13
DA:75,13
DA:76,2
DA:77,2
DA:80,11
DA:81,2
DA:82,2
DA:85,9
DA:86,9
DA:87,2
DA:88,2
DA:91,7
DA:93,7
DA:96,2
DA:97,0
DA:98,0
DA:99,0
DA:100,0
DA:101,0
DA:104,0
DA:106,0
DA:108,0
DA:115,0
DA:119,2
DA:120,0
DA:121,0
DA:122,0
DA:123,0
DA:124,0
DA:126,0
DA:130,2
DA:131,0
DA:132,0
DA:133,0
DA:134,0
DA:135,0
DA:136,0
DA:139,0
DA:140,0
DA:141,0
DA:142,0
DA:144,2
DA:145,0
DA:149,2
DA:150,0
DA:151,0
DA:153,0
DA:155,0
DA:157,0
DA:158,0
DA:159,0
DA:162,0
DA:164,0
DA:167,0
DA:170,2
DA:171,0
DA:173,0
DA:175,0
DA:177,0
DA:179,0
DA:180,0
DA:181,0
DA:184,0
LF:99
LH:51
BRDA:18,0,0,3
BRDA:18,0,1,1
BRDA:33,1,0,1
BRDA:33,1,1,0
BRDA:37,2,0,1
BRDA:37,2,1,0
BRDA:59,3,0,1
BRDA:59,3,1,0
BRDA:75,4,0,2
BRDA:75,4,1,11
BRDA:80,5,0,2
BRDA:80,5,1,9
BRDA:86,6,0,2
BRDA:86,6,1,7
BRDA:99,7,0,0
BRDA:99,7,1,0
BRDA:122,8,0,0
BRDA:122,8,1,0
BRDA:134,9,0,0
BRDA:134,9,1,0
BRDA:157,10,0,0
BRDA:157,10,1,0
BRDA:179,11,0,0
BRDA:179,11,1,0
BRF:24
BRH:11
end_of_record
TN:
SF:src\config\NodeMailer.ts
FN:6,(anonymous_1)
FNF:1
FNH:1
FNDA:2,(anonymous_1)
DA:1,2
DA:2,2
DA:4,2
DA:6,2
DA:7,2
DA:18,2
LF:6
LH:6
BRF:0
BRH:0
end_of_record
TN:
SF:src\config\db.ts
FNF:0
FNH:0
DA:1,1
DA:2,1
DA:4,1
DA:6,1
LF:4
LH:4
BRF:0
BRH:0
end_of_record
TN:
SF:src\config\limiter.ts
FNF:0
FNH:0
DA:2,1
DA:4,1
LF:2
LH:2
BRDA:8,0,0,0
BRDA:8,0,1,1
BRF:2
BRH:1
end_of_record
TN:
SF:src\emails\AuthEmail.ts
FN:10,(anonymous_0)
FN:26,(anonymous_1)
FNF:2
FNH:0
FNDA:0,(anonymous_0)
FNDA:0,(anonymous_1)
DA:1,2
DA:9,2
DA:10,2
DA:12,0
DA:26,2
DA:27,0
DA:38,0
LF:7
LH:4
BRF:0
BRH:0
end_of_record
TN:
SF:src\middleware\auth.ts
FN:11,(anonymous_1)
FNF:1
FNH:1
FNDA:14,(anonymous_1)
DA:2,1
DA:3,1
DA:11,1
DA:14,14
DA:16,14
DA:17,6
DA:18,6
DA:21,8
DA:23,8
DA:24,0
DA:25,0
DA:29,8
DA:31,8
DA:33,7
DA:34,7
DA:37,7
DA:42,1
LF:17
LH:15
BRDA:16,0,0,6
BRDA:16,0,1,8
BRDA:23,1,0,0
BRDA:23,1,1,8
BRDA:33,2,0,7
BRDA:33,2,1,0
BRDA:33,3,0,7
BRDA:33,3,1,7
BRF:8
BRH:6
end_of_record
TN:
SF:src\middleware\budge.ts
FN:12,(anonymous_1)
FN:18,(anonymous_2)
FN:29,(anonymous_3)
FN:50,(anonymous_4)
FN:64,(anonymous_5)
FN:70,hasAcces
FNF:6
FNH:6
FNDA:5,(anonymous_1)
FNDA:5,(anonymous_2)
FNDA:8,(anonymous_3)
FNDA:1,(anonymous_4)
FNDA:1,(anonymous_5)
FNDA:3,hasAcces
DA:2,3
DA:3,3
DA:12,3
DA:14,5
DA:18,5
DA:20,5
DA:21,5
DA:22,0
DA:25,5
DA:29,3
DA:31,8
DA:34,8
DA:36,8
DA:38,7
DA:39,6
DA:40,6
DA:43,1
DA:44,1
DA:46,1
DA:50,3
DA:53,1
DA:64,1
DA:66,1
DA:70,3
DA:73,3
DA:74,2
DA:75,2
DA:78,1
LF:28
LH:27
BRDA:21,0,0,0
BRDA:21,0,1,5
BRDA:38,1,0,6
BRDA:38,1,1,1
BRDA:73,2,0,2
BRDA:73,2,1,1
BRF:6
BRH:5
end_of_record
TN:
SF:src\middleware\expense.ts
FN:13,(anonymous_1)
FN:20,(anonymous_2)
FN:25,(anonymous_3)
FN:28,(anonymous_4)
FN:40,(anonymous_5)
FNF:5
FNH:1
FNDA:0,(anonymous_1)
FNDA:0,(anonymous_2)
FNDA:0,(anonymous_3)
FNDA:0,(anonymous_4)
FNDA:3,(anonymous_5)
DA:3,2
DA:5,2
DA:13,2
DA:14,0
DA:17,0
DA:20,0
DA:22,0
DA:25,2
DA:26,0
DA:28,0
DA:30,0
DA:32,0
DA:33,0
DA:37,0
DA:40,2
DA:41,3
DA:42,3
DA:43,3
DA:44,2
DA:45,1
DA:46,1
DA:48,1
DA:49,1
DA:52,1
LF:24
LH:14
BRDA:32,0,0,0
BRDA:32,0,1,0
BRDA:44,1,0,1
BRDA:44,1,1,1
BRF:4
BRH:2
end_of_record
TN:
SF:src\middleware\validatio.ts
FN:4,(anonymous_0)
FNF:1
FNH:1
FNDA:21,(anonymous_0)
DA:2,1
DA:4,1
DA:6,21
DA:8,21
DA:9,8
DA:11,13
LF:6
LH:6
BRDA:8,0,0,8
BRDA:8,0,1,13
BRF:2
BRH:2
end_of_record
TN:
SF:src\models\Budget.ts
FN:25,(anonymous_3)
FN:33,(anonymous_4)
FN:36,(anonymous_5)
FNF:3
FNH:3
FNDA:2,(anonymous_3)
FNDA:2,(anonymous_4)
FNDA:2,(anonymous_5)
DA:2,3
DA:3,3
DA:4,3
DA:11,3
DA:18,3
DA:23,3
DA:25,2
DA:31,3
DA:33,2
DA:34,3
DA:36,2
DA:37,3
DA:40,3
LF:13
LH:13
BRF:0
BRH:0
end_of_record
TN:
SF:src\models\Expense.ts
FN:21,(anonymous_3)
FN:24,(anonymous_4)
FNF:2
FNH:2
FNDA:2,(anonymous_3)
FNDA:2,(anonymous_4)
DA:1,3
DA:2,3
DA:8,3
DA:14,3
DA:19,3
DA:21,2
DA:22,3
DA:24,2
DA:25,3
DA:27,3
LF:10
LH:10
BRF:0
BRH:0
end_of_record
TN:
SF:src\models\user.ts
FN:50,(anonymous_3)
FNF:1
FNH:1
FNDA:2,(anonymous_3)
DA:1,3
DA:2,3
DA:8,3
DA:15,3
DA:21,3
DA:29,3
DA:34,3
DA:39,3
DA:46,3
DA:50,2
DA:56,3
DA:58,3
LF:12
LH:12
BRF:0
BRH:0
end_of_record
TN:
SF:src\routes\authRouter.ts
FNF:0
FNH:0
DA:1,1
DA:2,1
DA:3,1
DA:4,1
DA:5,1
DA:6,1
DA:8,1
DA:10,1
DA:13,1
DA:25,1
DA:36,1
DA:45,1
DA:52,1
DA:61,1
DA:71,1
DA:76,1
DA:88,1
DA:99,1
LF:18
LH:18
BRF:0
BRH:0
end_of_record
TN:
SF:src\routes\budgetRouter.ts
FNF:0
FNH:0
DA:1,1
DA:2,1
DA:5,1
DA:6,1
DA:7,1
DA:8,1
DA:9,1
DA:11,1
DA:13,1
DA:15,1
DA:16,1
DA:17,1
DA:18,1
DA:19,1
DA:24,1
DA:27,1
DA:33,1
DA:34,1
DA:38,1
DA:41,1
DA:45,1
DA:46,1
DA:47,1
DA:48,1
LF:24
LH:24
BRF:0
BRH:0
end_of_record
TN:
SF:src\test\mocks\Expenses.ts
FNF:0
FNH:0
DA:1,2
LF:1
LH:1
BRF:0
BRH:0
end_of_record
TN:
SF:src\test\mocks\budgets.ts
FNF:0
FNH:0
DA:1,3
LF:1
LH:1
BRF:0
BRH:0
end_of_record
TN:
SF:src\util\auth.ts
FN:3,(anonymous_1)
FN:9,(anonymous_2)
FNF:2
FNH:1
FNDA:0,(anonymous_1)
FNDA:5,(anonymous_2)
DA:1,2
DA:3,2
DA:5,0
DA:7,0
DA:9,2
DA:10,5
LF:6
LH:4
BRF:0
BRH:0
end_of_record
TN:
SF:src\util\jwt.ts
FN:3,(anonymous_1)
FNF:1
FNH:1
FNDA:5,(anonymous_1)
DA:1,2
DA:3,2
DA:5,5
DA:8,5
LF:4
LH:4
BRF:0
BRH:0
end_of_record
TN:
SF:src\util\token.ts
FN:1,(anonymous_0)
FNF:1
FNH:0
FNDA:0,(anonymous_0)
DA:1,2
LF:1
LH:1
BRF:0
BRH:0
end_of_record
