TN:
SF:src\Controllers\BudgetController.ts
FN:6,(anonymous_1)
FN:26,(anonymous_2)
FN:47,(anonymous_3)
FN:57,(anonymous_4)
FN:64,(anonymous_5)
FNF:5
FNH:5
FNDA:4,(anonymous_1)
FNDA:2,(anonymous_2)
FNDA:3,(anonymous_3)
FNDA:1,(anonymous_4)
FNDA:1,(anonymous_5)
DA:2,1
DA:3,1
DA:5,1
DA:6,1
DA:8,4
DA:9,4
DA:10,4
DA:19,3
DA:22,1
DA:26,1
DA:27,2
DA:29,2
DA:31,2
DA:33,2
DA:37,1
DA:41,1
DA:47,1
DA:49,3
DA:54,3
DA:57,1
DA:59,1
DA:60,1
DA:64,1
DA:66,1
DA:67,1
LF:25
LH:25
BRF:0
BRH:0
end_of_record
TN:
SF:src\Controllers\ExpensesController.ts
FN:8,(anonymous_1)
FN:24,(anonymous_2)
FN:28,(anonymous_3)
FN:33,(anonymous_4)
FNF:4
FNH:4
FNDA:2,(anonymous_1)
FNDA:1,(anonymous_2)
FNDA:1,(anonymous_3)
FNDA:1,(anonymous_4)
DA:2,1
DA:6,1
DA:8,1
DA:9,2
DA:11,2
DA:13,2
DA:15,2
DA:17,1
DA:20,1
DA:24,1
DA:25,1
DA:28,1
DA:29,1
DA:30,1
DA:33,1
DA:34,1
DA:35,1
LF:17
LH:17
BRF:0
BRH:0
end_of_record
TN:
SF:src\Controllers\authcontroller.ts
FN:11,(anonymous_1)
FN:49,(anonymous_2)
FN:67,(anonymous_3)
FN:92,(anonymous_4)
FN:115,(anonymous_5)
FN:126,(anonymous_6)
FN:140,(anonymous_7)
FN:145,(anonymous_8)
FN:166,(anonymous_9)
FNF:9
FNH:2
FNDA:2,(anonymous_1)
FNDA:0,(anonymous_2)
FNDA:4,(anonymous_3)
FNDA:0,(anonymous_4)
FNDA:0,(anonymous_5)
FNDA:0,(anonymous_6)
FNDA:0,(anonymous_7)
FNDA:0,(anonymous_8)
FNDA:0,(anonymous_9)
DA:2,1
DA:4,1
DA:5,1
DA:6,1
DA:7,1
DA:10,1
DA:11,1
DA:14,2
DA:16,2
DA:18,2
DA:19,1
DA:20,1
DA:23,1
DA:25,1
DA:27,1
DA:30,1
DA:32,1
DA:34,1
DA:41,1
DA:46,0
DA:49,1
DA:51,0
DA:53,0
DA:55,0
DA:56,0
DA:57,0
DA:60,0
DA:61,0
DA:62,0
DA:64,0
DA:67,1
DA:68,4
DA:70,4
DA:71,4
DA:72,1
DA:73,1
DA:76,3
DA:77,1
DA:78,1
DA:81,2
DA:82,2
DA:83,1
DA:84,1
DA:87,1
DA:89,1
DA:92,1
DA:93,0
DA:94,0
DA:95,0
DA:96,0
DA:97,0
DA:100,0
DA:102,0
DA:104,0
DA:111,0
DA:115,1
DA:116,0
DA:117,0
DA:118,0
DA:119,0
DA:120,0
DA:122,0
DA:126,1
DA:127,0
DA:128,0
DA:129,0
DA:130,0
DA:131,0
DA:132,0
DA:135,0
DA:136,0
DA:137,0
DA:138,0
DA:140,1
DA:141,0
DA:145,1
DA:146,0
DA:147,0
DA:149,0
DA:151,0
DA:153,0
DA:154,0
DA:155,0
DA:158,0
DA:160,0
DA:163,0
DA:166,1
DA:167,0
DA:169,0
DA:171,0
DA:173,0
DA:175,0
DA:176,0
DA:177,0
DA:180,0
LF:95
LH:41
BRDA:18,0,0,1
BRDA:18,0,1,1
BRDA:55,1,0,0
BRDA:55,1,1,0
BRDA:71,2,0,1
BRDA:71,2,1,3
BRDA:76,3,0,1
BRDA:76,3,1,2
BRDA:82,4,0,1
BRDA:82,4,1,1
BRDA:95,5,0,0
BRDA:95,5,1,0
BRDA:118,6,0,0
BRDA:118,6,1,0
BRDA:130,7,0,0
BRDA:130,7,1,0
BRDA:153,8,0,0
BRDA:153,8,1,0
BRDA:175,9,0,0
BRDA:175,9,1,0
BRF:20
BRH:8
end_of_record
TN:
SF:src\config\NodeMailer.ts
FN:6,(anonymous_1)
FNF:1
FNH:1
FNDA:1,(anonymous_1)
DA:1,1
DA:2,1
DA:4,1
DA:6,1
DA:7,1
DA:18,1
LF:6
LH:6
BRF:0
BRH:0
end_of_record
TN:
SF:src\emails\AuthEmail.ts
FN:10,(anonymous_0)
FN:25,(anonymous_1)
FNF:2
FNH:0
FNDA:0,(anonymous_0)
FNDA:0,(anonymous_1)
DA:1,1
DA:9,1
DA:10,1
DA:11,0
DA:22,0
DA:25,1
DA:26,0
DA:37,0
LF:8
LH:4
BRF:0
BRH:0
end_of_record
TN:
SF:src\middleware\budge.ts
FN:12,(anonymous_1)
FN:18,(anonymous_2)
FN:29,(anonymous_3)
FN:50,(anonymous_4)
FN:64,(anonymous_5)
FN:70,hasAcces
FNF:6
FNH:2
FNDA:0,(anonymous_1)
FNDA:0,(anonymous_2)
FNDA:3,(anonymous_3)
FNDA:0,(anonymous_4)
FNDA:0,(anonymous_5)
FNDA:3,hasAcces
DA:2,2
DA:3,2
DA:12,2
DA:14,0
DA:18,0
DA:20,0
DA:21,0
DA:22,0
DA:25,0
DA:29,2
DA:31,3
DA:34,3
DA:36,3
DA:38,2
DA:39,1
DA:40,1
DA:43,1
DA:44,1
DA:46,1
DA:50,2
DA:53,0
DA:64,0
DA:66,0
DA:70,2
DA:73,3
DA:74,2
DA:75,2
DA:78,1
LF:28
LH:19
BRDA:21,0,0,0
BRDA:21,0,1,0
BRDA:38,1,0,1
BRDA:38,1,1,1
BRDA:73,2,0,2
BRDA:73,2,1,1
BRF:6
BRH:4
end_of_record
TN:
SF:src\middleware\expense.ts
FN:13,(anonymous_1)
FN:20,(anonymous_2)
FN:25,(anonymous_3)
FN:28,(anonymous_4)
FN:40,(anonymous_5)
FNF:5
FNH:1
FNDA:0,(anonymous_1)
FNDA:0,(anonymous_2)
FNDA:0,(anonymous_3)
FNDA:0,(anonymous_4)
FNDA:3,(anonymous_5)
DA:3,1
DA:5,1
DA:13,1
DA:14,0
DA:17,0
DA:20,0
DA:22,0
DA:25,1
DA:26,0
DA:28,0
DA:30,0
DA:32,0
DA:33,0
DA:37,0
DA:40,1
DA:41,3
DA:42,3
DA:43,3
DA:44,2
DA:45,1
DA:46,1
DA:48,1
DA:49,1
DA:52,1
LF:24
LH:14
BRDA:32,0,0,0
BRDA:32,0,1,0
BRDA:44,1,0,1
BRDA:44,1,1,1
BRF:4
BRH:2
end_of_record
TN:
SF:src\models\Budget.ts
FN:25,(anonymous_3)
FN:33,(anonymous_4)
FN:36,(anonymous_5)
FNF:3
FNH:0
FNDA:0,(anonymous_3)
FNDA:0,(anonymous_4)
FNDA:0,(anonymous_5)
DA:2,2
DA:3,2
DA:4,2
DA:11,2
DA:18,2
DA:23,2
DA:25,0
DA:31,2
DA:33,0
DA:34,2
DA:36,0
DA:37,2
DA:40,2
LF:13
LH:10
BRF:0
BRH:0
end_of_record
TN:
SF:src\models\Expense.ts
FN:21,(anonymous_3)
FN:24,(anonymous_4)
FNF:2
FNH:0
FNDA:0,(anonymous_3)
FNDA:0,(anonymous_4)
DA:1,2
DA:2,2
DA:8,2
DA:14,2
DA:19,2
DA:21,0
DA:22,2
DA:24,0
DA:25,2
DA:27,2
LF:10
LH:8
BRF:0
BRH:0
end_of_record
TN:
SF:src\models\user.ts
FN:50,(anonymous_3)
FNF:1
FNH:0
FNDA:0,(anonymous_3)
DA:1,2
DA:2,2
DA:8,2
DA:15,2
DA:21,2
DA:29,2
DA:34,2
DA:39,2
DA:46,2
DA:50,0
DA:56,2
DA:58,2
LF:12
LH:11
BRF:0
BRH:0
end_of_record
TN:
SF:src\test\mocks\Expenses.ts
FNF:0
FNH:0
DA:1,2
LF:1
LH:1
BRF:0
BRH:0
end_of_record
TN:
SF:src\test\mocks\budgets.ts
FNF:0
FNH:0
DA:1,3
LF:1
LH:1
BRF:0
BRH:0
end_of_record
TN:
SF:src\util\auth.ts
FN:3,(anonymous_1)
FN:9,(anonymous_2)
FNF:2
FNH:0
FNDA:0,(anonymous_1)
FNDA:0,(anonymous_2)
DA:1,1
DA:3,1
DA:5,0
DA:7,0
DA:9,1
DA:10,0
LF:6
LH:3
BRF:0
BRH:0
end_of_record
TN:
SF:src\util\jwt.ts
FN:3,(anonymous_1)
FNF:1
FNH:0
FNDA:0,(anonymous_1)
DA:1,1
DA:3,1
DA:5,0
DA:8,0
LF:4
LH:2
BRF:0
BRH:0
end_of_record
TN:
SF:src\util\token.ts
FN:1,(anonymous_0)
FNF:1
FNH:0
FNDA:0,(anonymous_0)
DA:1,1
LF:1
LH:1
BRF:0
BRH:0
end_of_record
